{"timestamp": "2026-01-23T15:48:54.098980+00:00", "level": "\u001b[32mINFO\u001b[0m", "logger": "nix.logging", "module": "logging", "function": "setup_logging", "line": 345, "message": "Logging configured for development environment", "environment": "development", "service": "fastapi-backend"}
{"timestamp": "2026-01-23T15:48:54.126741+00:00", "level": "\u001b[32mINFO\u001b[0m", "logger": "nix.logging", "module": "logging", "function": "setup_logging", "line": 345, "message": "Logging configured for development environment", "environment": "development", "service": "fastapi-backend"}
{"timestamp": "2026-01-23T15:50:08.436267+00:00", "level": "\u001b[32mINFO\u001b[0m", "logger": "nix.logging", "module": "logging", "function": "setup_logging", "line": 345, "message": "Logging configured for development environment", "environment": "development", "service": "fastapi-backend"}
{"timestamp": "2026-01-23T15:50:08.450576+00:00", "level": "\u001b[32mINFO\u001b[0m", "logger": "nix.logging", "module": "logging", "function": "setup_logging", "line": 345, "message": "Logging configured for development environment", "environment": "development", "service": "fastapi-backend"}
{"timestamp": "2026-01-23T15:53:39.302019+00:00", "level": "\u001b[32mINFO\u001b[0m", "logger": "nix.logging", "module": "logging", "function": "setup_logging", "line": 345, "message": "Logging configured for development environment", "environment": "development", "service": "fastapi-backend"}
{"timestamp": "2026-01-23T15:53:39.452749+00:00", "level": "\u001b[32mINFO\u001b[0m", "logger": "nix.logging", "module": "logging", "function": "setup_logging", "line": 345, "message": "Logging configured for development environment", "environment": "development", "service": "fastapi-backend"}
{"timestamp": "2026-01-23T15:56:59.510033+00:00", "level": "\u001b[32mINFO\u001b[0m", "logger": "nix.logging", "module": "logging", "function": "setup_logging", "line": 345, "message": "Logging configured for development environment", "environment": "development", "service": "fastapi-backend"}
{"timestamp": "2026-01-23T15:56:59.597526+00:00", "level": "\u001b[32mINFO\u001b[0m", "logger": "nix.logging", "module": "logging", "function": "setup_logging", "line": 345, "message": "Logging configured for development environment", "environment": "development", "service": "fastapi-backend"}
{"timestamp": "2026-01-23T16:01:09.892659+00:00", "level": "\u001b[32mINFO\u001b[0m", "logger": "nix.logging", "module": "logging", "function": "setup_logging", "line": 345, "message": "Logging configured for development environment", "environment": "development", "service": "fastapi-backend"}
{"timestamp": "2026-01-23T16:01:10.109247+00:00", "level": "\u001b[32mINFO\u001b[0m", "logger": "nix.logging", "module": "logging", "function": "setup_logging", "line": 345, "message": "Logging configured for development environment", "environment": "development", "service": "fastapi-backend"}
{"timestamp": "2026-01-23T16:03:10.036381+00:00", "level": "\u001b[32mINFO\u001b[0m", "logger": "nix.logging", "module": "logging", "function": "setup_logging", "line": 345, "message": "Logging configured for development environment", "environment": "development", "service": "fastapi-backend"}
{"timestamp": "2026-01-23T16:03:10.207653+00:00", "level": "\u001b[32mINFO\u001b[0m", "logger": "nix.logging", "module": "logging", "function": "setup_logging", "line": 345, "message": "Logging configured for development environment", "environment": "development", "service": "fastapi-backend"}
{"timestamp": "2026-01-23T16:05:46.224806+00:00", "level": "\u001b[32mINFO\u001b[0m", "logger": "nix.logging", "module": "logging", "function": "setup_logging", "line": 345, "message": "Logging configured for development environment", "environment": "development", "service": "fastapi-backend"}
{"timestamp": "2026-01-23T16:05:46.463092+00:00", "level": "\u001b[32mINFO\u001b[0m", "logger": "nix.logging", "module": "logging", "function": "setup_logging", "line": 345, "message": "Logging configured for development environment", "environment": "development", "service": "fastapi-backend"}
{"timestamp": "2026-01-23T16:09:54.671218+00:00", "level": "\u001b[32mINFO\u001b[0m", "logger": "nix.logging", "module": "logging", "function": "setup_logging", "line": 345, "message": "Logging configured for development environment", "environment": "development", "service": "fastapi-backend"}
{"timestamp": "2026-01-23T16:09:54.889829+00:00", "level": "\u001b[32mINFO\u001b[0m", "logger": "nix.logging", "module": "logging", "function": "setup_logging", "line": 345, "message": "Logging configured for development environment", "environment": "development", "service": "fastapi-backend"}
{"timestamp": "2026-01-23T16:12:38.831880+00:00", "level": "\u001b[32mINFO\u001b[0m", "logger": "nix.logging", "module": "logging", "function": "setup_logging", "line": 345, "message": "Logging configured for development environment", "environment": "development", "service": "fastapi-backend"}
{"timestamp": "2026-01-23T16:12:39.057785+00:00", "level": "\u001b[32mINFO\u001b[0m", "logger": "nix.logging", "module": "logging", "function": "setup_logging", "line": 345, "message": "Logging configured for development environment", "environment": "development", "service": "fastapi-backend"}
{"timestamp": "2026-01-23T16:14:31.161297+00:00", "level": "\u001b[32mINFO\u001b[0m", "logger": "nix.logging", "module": "logging", "function": "setup_logging", "line": 345, "message": "Logging configured for development environment", "environment": "development", "service": "fastapi-backend"}
{"timestamp": "2026-01-23T16:14:31.371004+00:00", "level": "\u001b[32mINFO\u001b[0m", "logger": "nix.logging", "module": "logging", "function": "setup_logging", "line": 345, "message": "Logging configured for development environment", "environment": "development", "service": "fastapi-backend"}
{"timestamp": "2026-01-23T16:33:48.265966+00:00", "level": "\u001b[32mINFO\u001b[0m", "logger": "nix.logging", "module": "logging", "function": "setup_logging", "line": 345, "message": "Logging configured for development environment", "environment": "development", "service": "fastapi-backend"}
{"timestamp": "2026-01-23T16:33:48.533097+00:00", "level": "\u001b[32mINFO\u001b[0m", "logger": "nix.logging", "module": "logging", "function": "setup_logging", "line": 345, "message": "Logging configured for development environment", "environment": "development", "service": "fastapi-backend"}
{"timestamp": "2026-01-23T16:41:26.698056+00:00", "level": "\u001b[32mINFO\u001b[0m", "logger": "nix.logging", "module": "logging", "function": "setup_logging", "line": 345, "message": "Logging configured for development environment", "environment": "development", "service": "fastapi-backend"}
{"timestamp": "2026-01-23T16:41:27.071384+00:00", "level": "\u001b[32mINFO\u001b[0m", "logger": "nix.logging", "module": "logging", "function": "setup_logging", "line": 345, "message": "Logging configured for development environment", "environment": "development", "service": "fastapi-backend"}
{"timestamp": "2026-01-23T16:54:47.279940+00:00", "level": "\u001b[32mINFO\u001b[0m", "logger": "nix.logging", "module": "logging", "function": "setup_logging", "line": 345, "message": "Logging configured for development environment", "environment": "development", "service": "fastapi-backend"}
{"timestamp": "2026-01-23T16:54:47.706567+00:00", "level": "\u001b[32mINFO\u001b[0m", "logger": "nix.logging", "module": "logging", "function": "setup_logging", "line": 345, "message": "Logging configured for development environment", "environment": "development", "service": "fastapi-backend"}
{"timestamp": "2026-01-23T16:55:41.077031+00:00", "level": "\u001b[32mINFO\u001b[0m", "logger": "nix.logging", "module": "logging", "function": "setup_logging", "line": 345, "message": "Logging configured for development environment", "environment": "development", "service": "fastapi-backend"}
{"timestamp": "2026-01-23T16:55:41.619056+00:00", "level": "\u001b[32mINFO\u001b[0m", "logger": "nix.logging", "module": "logging", "function": "setup_logging", "line": 345, "message": "Logging configured for development environment", "environment": "development", "service": "fastapi-backend"}
{"timestamp": "2026-01-23T16:56:19.105466+00:00", "level": "\u001b[32mINFO\u001b[0m", "logger": "nix.logging", "module": "logging", "function": "setup_logging", "line": 345, "message": "Logging configured for development environment", "environment": "development", "service": "fastapi-backend"}
{"timestamp": "2026-01-23T16:56:19.112797+00:00", "level": "\u001b[32mINFO\u001b[0m", "logger": "nix.logging", "module": "logging", "function": "setup_logging", "line": 345, "message": "Logging configured for development environment", "environment": "development", "service": "fastapi-backend"}
{"timestamp": "2026-01-23T16:56:21.647330+00:00", "level": "\u001b[32mINFO\u001b[0m", "logger": "uvicorn.error", "module": "server", "function": "_serve", "line": 84, "message": "Started server process [4072]", "environment": "development", "service": "fastapi-backend"}
{"timestamp": "2026-01-23T16:56:21.648744+00:00", "level": "\u001b[32mINFO\u001b[0m", "logger": "uvicorn.error", "module": "on", "function": "startup", "line": 48, "message": "Waiting for application startup.", "environment": "development", "service": "fastapi-backend"}
{"timestamp": "2026-01-23T16:56:22.695831+00:00", "level": "INFO", "logger": "sqlalchemy.engine.Engine", "module": "base", "function": "_execute_context", "line": 1846, "message": "select pg_catalog.version()", "environment": "development", "service": "fastapi-backend"}
{"timestamp": "2026-01-23T16:56:22.696102+00:00", "level": "INFO", "logger": "sqlalchemy.engine.Engine", "module": "base", "function": "_execute_context", "line": 1846, "message": "[raw sql] ()", "environment": "development", "service": "fastapi-backend"}
{"timestamp": "2026-01-23T16:56:22.732329+00:00", "level": "INFO", "logger": "sqlalchemy.engine.Engine", "module": "base", "function": "_execute_context", "line": 1846, "message": "select current_schema()", "environment": "development", "service": "fastapi-backend"}
{"timestamp": "2026-01-23T16:56:22.732624+00:00", "level": "INFO", "logger": "sqlalchemy.engine.Engine", "module": "base", "function": "_execute_context", "line": 1846, "message": "[raw sql] ()", "environment": "development", "service": "fastapi-backend"}
{"timestamp": "2026-01-23T16:56:22.741085+00:00", "level": "INFO", "logger": "sqlalchemy.engine.Engine", "module": "base", "function": "_execute_context", "line": 1846, "message": "show standard_conforming_strings", "environment": "development", "service": "fastapi-backend"}
{"timestamp": "2026-01-23T16:56:22.741439+00:00", "level": "INFO", "logger": "sqlalchemy.engine.Engine", "module": "base", "function": "_execute_context", "line": 1846, "message": "[raw sql] ()", "environment": "development", "service": "fastapi-backend"}
{"timestamp": "2026-01-23T16:56:22.746572+00:00", "level": "INFO", "logger": "sqlalchemy.engine.Engine", "module": "base", "function": "_connection_begin_impl", "line": 2710, "message": "BEGIN (implicit)", "environment": "development", "service": "fastapi-backend"}
{"timestamp": "2026-01-23T16:56:22.746838+00:00", "level": "INFO", "logger": "sqlalchemy.engine.Engine", "module": "base", "function": "_execute_context", "line": 1846, "message": "SELECT version()", "environment": "development", "service": "fastapi-backend"}
{"timestamp": "2026-01-23T16:56:22.747006+00:00", "level": "INFO", "logger": "sqlalchemy.engine.Engine", "module": "base", "function": "_execute_context", "line": 1846, "message": "[generated in 0.00051s] ()", "environment": "development", "service": "fastapi-backend"}
{"timestamp": "2026-01-23T16:56:22.767603+00:00", "level": "INFO", "logger": "sqlalchemy.engine.Engine", "module": "base", "function": "_execute_context", "line": 1846, "message": "SELECT current_database()", "environment": "development", "service": "fastapi-backend"}
{"timestamp": "2026-01-23T16:56:22.768012+00:00", "level": "INFO", "logger": "sqlalchemy.engine.Engine", "module": "base", "function": "_execute_context", "line": 1846, "message": "[generated in 0.00051s] ()", "environment": "development", "service": "fastapi-backend"}
{"timestamp": "2026-01-23T16:56:22.829619+00:00", "level": "INFO", "logger": "sqlalchemy.engine.Engine", "module": "base", "function": "_connection_rollback_impl", "line": 2713, "message": "ROLLBACK", "environment": "development", "service": "fastapi-backend"}
{"timestamp": "2026-01-23T16:56:23.115192+00:00", "level": "\u001b[32mINFO\u001b[0m", "logger": "uvicorn.error", "module": "on", "function": "startup", "line": 62, "message": "Application startup complete.", "environment": "development", "service": "fastapi-backend"}
{"timestamp": "2026-01-23T16:56:23.151757+00:00", "level": "\u001b[31mERROR\u001b[0m", "logger": "uvicorn.error", "module": "on", "function": "send", "line": 134, "message": "Traceback (most recent call last):\n  File \"C:\\Users\\mahmu\\AppData\\Local\\Programs\\Python\\Python313\\Lib\\asyncio\\runners.py\", line 118, in run\n    return self._loop.run_until_complete(task)\n           ~~~~~~~~~~~~~~~~~~~~~~~~~~~~~^^^^^^\n  File \"C:\\Users\\mahmu\\AppData\\Local\\Programs\\Python\\Python313\\Lib\\asyncio\\base_events.py\", line 725, in run_until_complete\n    return future.result()\n           ~~~~~~~~~~~~~^^\nasyncio.exceptions.CancelledError\n\nDuring handling of the above exception, another exception occurred:\n\nTraceback (most recent call last):\n  File \"C:\\Users\\mahmu\\AppData\\Local\\Programs\\Python\\Python313\\Lib\\asyncio\\runners.py\", line 195, in run\n    return runner.run(main)\n           ~~~~~~~~~~^^^^^^\n  File \"C:\\Users\\mahmu\\AppData\\Local\\Programs\\Python\\Python313\\Lib\\asyncio\\runners.py\", line 123, in run\n    raise KeyboardInterrupt()\nKeyboardInterrupt\n\nDuring handling of the above exception, another exception occurred:\n\nTraceback (most recent call last):\n  File \"C:\\CraftoraBack\\.venv\\Lib\\site-packages\\starlette\\routing.py\", line 701, in lifespan\n    await receive()\n  File \"C:\\CraftoraBack\\.venv\\Lib\\site-packages\\uvicorn\\lifespan\\on.py\", line 137, in receive\n    return await self.receive_queue.get()\n           ^^^^^^^^^^^^^^^^^^^^^^^^^^^^^^\n  File \"C:\\Users\\mahmu\\AppData\\Local\\Programs\\Python\\Python313\\Lib\\asyncio\\queues.py\", line 186, in get\n    await getter\nasyncio.exceptions.CancelledError\n", "environment": "development", "service": "fastapi-backend"}
{"timestamp": "2026-01-23T16:56:33.511515+00:00", "level": "\u001b[32mINFO\u001b[0m", "logger": "nix.logging", "module": "logging", "function": "setup_logging", "line": 345, "message": "Logging configured for development environment", "environment": "development", "service": "fastapi-backend"}
{"timestamp": "2026-01-23T16:56:33.517309+00:00", "level": "\u001b[32mINFO\u001b[0m", "logger": "nix.logging", "module": "logging", "function": "setup_logging", "line": 345, "message": "Logging configured for development environment", "environment": "development", "service": "fastapi-backend"}
{"timestamp": "2026-01-23T16:56:35.313460+00:00", "level": "\u001b[32mINFO\u001b[0m", "logger": "uvicorn.error", "module": "server", "function": "_serve", "line": 84, "message": "Started server process [6128]", "environment": "development", "service": "fastapi-backend"}
{"timestamp": "2026-01-23T16:56:35.313954+00:00", "level": "\u001b[32mINFO\u001b[0m", "logger": "uvicorn.error", "module": "on", "function": "startup", "line": 48, "message": "Waiting for application startup.", "environment": "development", "service": "fastapi-backend"}
{"timestamp": "2026-01-23T16:56:35.560427+00:00", "level": "INFO", "logger": "sqlalchemy.engine.Engine", "module": "base", "function": "_execute_context", "line": 1846, "message": "select pg_catalog.version()", "environment": "development", "service": "fastapi-backend"}
{"timestamp": "2026-01-23T16:56:35.560680+00:00", "level": "INFO", "logger": "sqlalchemy.engine.Engine", "module": "base", "function": "_execute_context", "line": 1846, "message": "[raw sql] ()", "environment": "development", "service": "fastapi-backend"}
{"timestamp": "2026-01-23T16:56:35.567776+00:00", "level": "INFO", "logger": "sqlalchemy.engine.Engine", "module": "base", "function": "_execute_context", "line": 1846, "message": "select current_schema()", "environment": "development", "service": "fastapi-backend"}
{"timestamp": "2026-01-23T16:56:35.568168+00:00", "level": "INFO", "logger": "sqlalchemy.engine.Engine", "module": "base", "function": "_execute_context", "line": 1846, "message": "[raw sql] ()", "environment": "development", "service": "fastapi-backend"}
{"timestamp": "2026-01-23T16:56:35.575264+00:00", "level": "INFO", "logger": "sqlalchemy.engine.Engine", "module": "base", "function": "_execute_context", "line": 1846, "message": "show standard_conforming_strings", "environment": "development", "service": "fastapi-backend"}
{"timestamp": "2026-01-23T16:56:35.575623+00:00", "level": "INFO", "logger": "sqlalchemy.engine.Engine", "module": "base", "function": "_execute_context", "line": 1846, "message": "[raw sql] ()", "environment": "development", "service": "fastapi-backend"}
{"timestamp": "2026-01-23T16:56:35.581135+00:00", "level": "INFO", "logger": "sqlalchemy.engine.Engine", "module": "base", "function": "_connection_begin_impl", "line": 2710, "message": "BEGIN (implicit)", "environment": "development", "service": "fastapi-backend"}
{"timestamp": "2026-01-23T16:56:35.581439+00:00", "level": "INFO", "logger": "sqlalchemy.engine.Engine", "module": "base", "function": "_execute_context", "line": 1846, "message": "SELECT version()", "environment": "development", "service": "fastapi-backend"}
{"timestamp": "2026-01-23T16:56:35.581703+00:00", "level": "INFO", "logger": "sqlalchemy.engine.Engine", "module": "base", "function": "_execute_context", "line": 1846, "message": "[generated in 0.00066s] ()", "environment": "development", "service": "fastapi-backend"}
{"timestamp": "2026-01-23T16:56:35.654722+00:00", "level": "INFO", "logger": "sqlalchemy.engine.Engine", "module": "base", "function": "_execute_context", "line": 1846, "message": "SELECT current_database()", "environment": "development", "service": "fastapi-backend"}
{"timestamp": "2026-01-23T16:56:35.655050+00:00", "level": "INFO", "logger": "sqlalchemy.engine.Engine", "module": "base", "function": "_execute_context", "line": 1846, "message": "[generated in 0.00044s] ()", "environment": "development", "service": "fastapi-backend"}
{"timestamp": "2026-01-23T16:56:35.838794+00:00", "level": "INFO", "logger": "sqlalchemy.engine.Engine", "module": "base", "function": "_connection_rollback_impl", "line": 2713, "message": "ROLLBACK", "environment": "development", "service": "fastapi-backend"}
{"timestamp": "2026-01-23T16:56:36.012516+00:00", "level": "\u001b[32mINFO\u001b[0m", "logger": "uvicorn.error", "module": "on", "function": "startup", "line": 62, "message": "Application startup complete.", "environment": "development", "service": "fastapi-backend"}
{"timestamp": "2026-01-23T16:58:12.275550+00:00", "level": "\u001b[32mINFO\u001b[0m", "logger": "uvicorn.error", "module": "server", "function": "shutdown", "line": 264, "message": "Shutting down", "environment": "development", "service": "fastapi-backend"}
{"timestamp": "2026-01-23T16:58:12.384136+00:00", "level": "\u001b[32mINFO\u001b[0m", "logger": "uvicorn.error", "module": "on", "function": "shutdown", "line": 67, "message": "Waiting for application shutdown.", "environment": "development", "service": "fastapi-backend"}
{"timestamp": "2026-01-23T16:58:12.467527+00:00", "level": "\u001b[32mINFO\u001b[0m", "logger": "uvicorn.error", "module": "on", "function": "shutdown", "line": 76, "message": "Application shutdown complete.", "environment": "development", "service": "fastapi-backend"}
{"timestamp": "2026-01-23T16:58:12.468402+00:00", "level": "\u001b[32mINFO\u001b[0m", "logger": "uvicorn.error", "module": "server", "function": "_serve", "line": 94, "message": "Finished server process [6128]", "environment": "development", "service": "fastapi-backend"}
{"timestamp": "2026-01-23T16:59:00.148487+00:00", "level": "\u001b[32mINFO\u001b[0m", "logger": "nix.logging", "module": "logging", "function": "setup_logging", "line": 345, "message": "Logging configured for development environment", "environment": "development", "service": "fastapi-backend"}
{"timestamp": "2026-01-23T16:59:00.158424+00:00", "level": "\u001b[32mINFO\u001b[0m", "logger": "nix.logging", "module": "logging", "function": "setup_logging", "line": 345, "message": "Logging configured for development environment", "environment": "development", "service": "fastapi-backend"}
{"timestamp": "2026-01-23T16:59:03.322389+00:00", "level": "\u001b[32mINFO\u001b[0m", "logger": "uvicorn.error", "module": "server", "function": "_serve", "line": 84, "message": "Started server process [15088]", "environment": "development", "service": "fastapi-backend"}
{"timestamp": "2026-01-23T16:59:03.323206+00:00", "level": "\u001b[32mINFO\u001b[0m", "logger": "uvicorn.error", "module": "on", "function": "startup", "line": 48, "message": "Waiting for application startup.", "environment": "development", "service": "fastapi-backend"}
{"timestamp": "2026-01-23T16:59:03.643491+00:00", "level": "INFO", "logger": "sqlalchemy.engine.Engine", "module": "base", "function": "_execute_context", "line": 1846, "message": "select pg_catalog.version()", "environment": "development", "service": "fastapi-backend"}
{"timestamp": "2026-01-23T16:59:03.643930+00:00", "level": "INFO", "logger": "sqlalchemy.engine.Engine", "module": "base", "function": "_execute_context", "line": 1846, "message": "[raw sql] ()", "environment": "development", "service": "fastapi-backend"}
{"timestamp": "2026-01-23T16:59:03.651955+00:00", "level": "INFO", "logger": "sqlalchemy.engine.Engine", "module": "base", "function": "_execute_context", "line": 1846, "message": "select current_schema()", "environment": "development", "service": "fastapi-backend"}
{"timestamp": "2026-01-23T16:59:03.652282+00:00", "level": "INFO", "logger": "sqlalchemy.engine.Engine", "module": "base", "function": "_execute_context", "line": 1846, "message": "[raw sql] ()", "environment": "development", "service": "fastapi-backend"}
{"timestamp": "2026-01-23T16:59:03.660595+00:00", "level": "INFO", "logger": "sqlalchemy.engine.Engine", "module": "base", "function": "_execute_context", "line": 1846, "message": "show standard_conforming_strings", "environment": "development", "service": "fastapi-backend"}
{"timestamp": "2026-01-23T16:59:03.660920+00:00", "level": "INFO", "logger": "sqlalchemy.engine.Engine", "module": "base", "function": "_execute_context", "line": 1846, "message": "[raw sql] ()", "environment": "development", "service": "fastapi-backend"}
{"timestamp": "2026-01-23T16:59:03.667433+00:00", "level": "INFO", "logger": "sqlalchemy.engine.Engine", "module": "base", "function": "_connection_begin_impl", "line": 2710, "message": "BEGIN (implicit)", "environment": "development", "service": "fastapi-backend"}
{"timestamp": "2026-01-23T16:59:03.667796+00:00", "level": "INFO", "logger": "sqlalchemy.engine.Engine", "module": "base", "function": "_execute_context", "line": 1846, "message": "SELECT version()", "environment": "development", "service": "fastapi-backend"}
{"timestamp": "2026-01-23T16:59:03.668130+00:00", "level": "INFO", "logger": "sqlalchemy.engine.Engine", "module": "base", "function": "_execute_context", "line": 1846, "message": "[generated in 0.00078s] ()", "environment": "development", "service": "fastapi-backend"}
{"timestamp": "2026-01-23T16:59:03.773186+00:00", "level": "INFO", "logger": "sqlalchemy.engine.Engine", "module": "base", "function": "_execute_context", "line": 1846, "message": "SELECT current_database()", "environment": "development", "service": "fastapi-backend"}
{"timestamp": "2026-01-23T16:59:03.773538+00:00", "level": "INFO", "logger": "sqlalchemy.engine.Engine", "module": "base", "function": "_execute_context", "line": 1846, "message": "[generated in 0.00047s] ()", "environment": "development", "service": "fastapi-backend"}
{"timestamp": "2026-01-23T16:59:03.821378+00:00", "level": "INFO", "logger": "sqlalchemy.engine.Engine", "module": "base", "function": "_connection_rollback_impl", "line": 2713, "message": "ROLLBACK", "environment": "development", "service": "fastapi-backend"}
{"timestamp": "2026-01-23T16:59:04.168857+00:00", "level": "\u001b[32mINFO\u001b[0m", "logger": "uvicorn.error", "module": "on", "function": "startup", "line": 62, "message": "Application startup complete.", "environment": "development", "service": "fastapi-backend"}
{"timestamp": "2026-01-23T17:00:52.458364+00:00", "level": "\u001b[32mINFO\u001b[0m", "logger": "uvicorn.error", "module": "server", "function": "shutdown", "line": 264, "message": "Shutting down", "environment": "development", "service": "fastapi-backend"}
{"timestamp": "2026-01-23T17:00:52.565282+00:00", "level": "\u001b[32mINFO\u001b[0m", "logger": "uvicorn.error", "module": "on", "function": "shutdown", "line": 67, "message": "Waiting for application shutdown.", "environment": "development", "service": "fastapi-backend"}
{"timestamp": "2026-01-23T17:00:53.923393+00:00", "level": "\u001b[32mINFO\u001b[0m", "logger": "uvicorn.error", "module": "on", "function": "shutdown", "line": 76, "message": "Application shutdown complete.", "environment": "development", "service": "fastapi-backend"}
{"timestamp": "2026-01-23T17:00:53.926320+00:00", "level": "\u001b[32mINFO\u001b[0m", "logger": "uvicorn.error", "module": "server", "function": "_serve", "line": 94, "message": "Finished server process [15088]", "environment": "development", "service": "fastapi-backend"}
{"timestamp": "2026-01-23T17:01:03.088211+00:00", "level": "\u001b[32mINFO\u001b[0m", "logger": "nix.logging", "module": "logging", "function": "setup_logging", "line": 345, "message": "Logging configured for development environment", "environment": "development", "service": "fastapi-backend"}
{"timestamp": "2026-01-23T17:01:03.101093+00:00", "level": "\u001b[32mINFO\u001b[0m", "logger": "nix.logging", "module": "logging", "function": "setup_logging", "line": 345, "message": "Logging configured for development environment", "environment": "development", "service": "fastapi-backend"}
{"timestamp": "2026-01-23T17:01:09.348497+00:00", "level": "\u001b[32mINFO\u001b[0m", "logger": "uvicorn.error", "module": "server", "function": "_serve", "line": 84, "message": "Started server process [14748]", "environment": "development", "service": "fastapi-backend"}
{"timestamp": "2026-01-23T17:01:09.349203+00:00", "level": "\u001b[32mINFO\u001b[0m", "logger": "uvicorn.error", "module": "on", "function": "startup", "line": 48, "message": "Waiting for application startup.", "environment": "development", "service": "fastapi-backend"}
{"timestamp": "2026-01-23T17:01:09.619281+00:00", "level": "INFO", "logger": "sqlalchemy.engine.Engine", "module": "base", "function": "_execute_context", "line": 1846, "message": "select pg_catalog.version()", "environment": "development", "service": "fastapi-backend"}
{"timestamp": "2026-01-23T17:01:09.619582+00:00", "level": "INFO", "logger": "sqlalchemy.engine.Engine", "module": "base", "function": "_execute_context", "line": 1846, "message": "[raw sql] ()", "environment": "development", "service": "fastapi-backend"}
{"timestamp": "2026-01-23T17:01:09.627371+00:00", "level": "INFO", "logger": "sqlalchemy.engine.Engine", "module": "base", "function": "_execute_context", "line": 1846, "message": "select current_schema()", "environment": "development", "service": "fastapi-backend"}
{"timestamp": "2026-01-23T17:01:09.627741+00:00", "level": "INFO", "logger": "sqlalchemy.engine.Engine", "module": "base", "function": "_execute_context", "line": 1846, "message": "[raw sql] ()", "environment": "development", "service": "fastapi-backend"}
{"timestamp": "2026-01-23T17:01:09.633505+00:00", "level": "INFO", "logger": "sqlalchemy.engine.Engine", "module": "base", "function": "_execute_context", "line": 1846, "message": "show standard_conforming_strings", "environment": "development", "service": "fastapi-backend"}
{"timestamp": "2026-01-23T17:01:09.633773+00:00", "level": "INFO", "logger": "sqlalchemy.engine.Engine", "module": "base", "function": "_execute_context", "line": 1846, "message": "[raw sql] ()", "environment": "development", "service": "fastapi-backend"}
{"timestamp": "2026-01-23T17:01:09.639511+00:00", "level": "INFO", "logger": "sqlalchemy.engine.Engine", "module": "base", "function": "_connection_begin_impl", "line": 2710, "message": "BEGIN (implicit)", "environment": "development", "service": "fastapi-backend"}
{"timestamp": "2026-01-23T17:01:09.639833+00:00", "level": "INFO", "logger": "sqlalchemy.engine.Engine", "module": "base", "function": "_execute_context", "line": 1846, "message": "SELECT version()", "environment": "development", "service": "fastapi-backend"}
{"timestamp": "2026-01-23T17:01:09.640058+00:00", "level": "INFO", "logger": "sqlalchemy.engine.Engine", "module": "base", "function": "_execute_context", "line": 1846, "message": "[generated in 0.00067s] ()", "environment": "development", "service": "fastapi-backend"}
{"timestamp": "2026-01-23T17:01:09.676167+00:00", "level": "INFO", "logger": "sqlalchemy.engine.Engine", "module": "base", "function": "_execute_context", "line": 1846, "message": "SELECT current_database()", "environment": "development", "service": "fastapi-backend"}
{"timestamp": "2026-01-23T17:01:09.676695+00:00", "level": "INFO", "logger": "sqlalchemy.engine.Engine", "module": "base", "function": "_execute_context", "line": 1846, "message": "[generated in 0.00063s] ()", "environment": "development", "service": "fastapi-backend"}
{"timestamp": "2026-01-23T17:01:09.814272+00:00", "level": "INFO", "logger": "sqlalchemy.engine.Engine", "module": "base", "function": "_connection_rollback_impl", "line": 2713, "message": "ROLLBACK", "environment": "development", "service": "fastapi-backend"}
{"timestamp": "2026-01-23T17:01:09.912719+00:00", "level": "\u001b[32mINFO\u001b[0m", "logger": "uvicorn.error", "module": "on", "function": "startup", "line": 62, "message": "Application startup complete.", "environment": "development", "service": "fastapi-backend"}
{"timestamp": "2026-01-23T17:01:09.921782+00:00", "level": "\u001b[31mERROR\u001b[0m", "logger": "uvicorn.error", "module": "on", "function": "send", "line": 134, "message": "Traceback (most recent call last):\n  File \"C:\\Users\\mahmu\\AppData\\Local\\Programs\\Python\\Python313\\Lib\\asyncio\\runners.py\", line 118, in run\n    return self._loop.run_until_complete(task)\n           ~~~~~~~~~~~~~~~~~~~~~~~~~~~~~^^^^^^\n  File \"C:\\Users\\mahmu\\AppData\\Local\\Programs\\Python\\Python313\\Lib\\asyncio\\base_events.py\", line 725, in run_until_complete\n    return future.result()\n           ~~~~~~~~~~~~~^^\nasyncio.exceptions.CancelledError\n\nDuring handling of the above exception, another exception occurred:\n\nTraceback (most recent call last):\n  File \"C:\\Users\\mahmu\\AppData\\Local\\Programs\\Python\\Python313\\Lib\\asyncio\\runners.py\", line 195, in run\n    return runner.run(main)\n           ~~~~~~~~~~^^^^^^\n  File \"C:\\Users\\mahmu\\AppData\\Local\\Programs\\Python\\Python313\\Lib\\asyncio\\runners.py\", line 123, in run\n    raise KeyboardInterrupt()\nKeyboardInterrupt\n\nDuring handling of the above exception, another exception occurred:\n\nTraceback (most recent call last):\n  File \"C:\\CraftoraBack\\.venv\\Lib\\site-packages\\starlette\\routing.py\", line 701, in lifespan\n    await receive()\n  File \"C:\\CraftoraBack\\.venv\\Lib\\site-packages\\uvicorn\\lifespan\\on.py\", line 137, in receive\n    return await self.receive_queue.get()\n           ^^^^^^^^^^^^^^^^^^^^^^^^^^^^^^\n  File \"C:\\Users\\mahmu\\AppData\\Local\\Programs\\Python\\Python313\\Lib\\asyncio\\queues.py\", line 186, in get\n    await getter\nasyncio.exceptions.CancelledError\n", "environment": "development", "service": "fastapi-backend"}
{"timestamp": "2026-01-23T17:01:13.954388+00:00", "level": "\u001b[32mINFO\u001b[0m", "logger": "nix.logging", "module": "logging", "function": "setup_logging", "line": 345, "message": "Logging configured for development environment", "environment": "development", "service": "fastapi-backend"}
{"timestamp": "2026-01-23T17:01:13.961253+00:00", "level": "\u001b[32mINFO\u001b[0m", "logger": "nix.logging", "module": "logging", "function": "setup_logging", "line": 345, "message": "Logging configured for development environment", "environment": "development", "service": "fastapi-backend"}
{"timestamp": "2026-01-23T17:01:16.280789+00:00", "level": "\u001b[32mINFO\u001b[0m", "logger": "uvicorn.error", "module": "server", "function": "_serve", "line": 84, "message": "Started server process [18332]", "environment": "development", "service": "fastapi-backend"}
{"timestamp": "2026-01-23T17:01:16.281587+00:00", "level": "\u001b[32mINFO\u001b[0m", "logger": "uvicorn.error", "module": "on", "function": "startup", "line": 48, "message": "Waiting for application startup.", "environment": "development", "service": "fastapi-backend"}
{"timestamp": "2026-01-23T17:01:16.645396+00:00", "level": "INFO", "logger": "sqlalchemy.engine.Engine", "module": "base", "function": "_execute_context", "line": 1846, "message": "select pg_catalog.version()", "environment": "development", "service": "fastapi-backend"}
{"timestamp": "2026-01-23T17:01:16.645722+00:00", "level": "INFO", "logger": "sqlalchemy.engine.Engine", "module": "base", "function": "_execute_context", "line": 1846, "message": "[raw sql] ()", "environment": "development", "service": "fastapi-backend"}
{"timestamp": "2026-01-23T17:01:16.651880+00:00", "level": "INFO", "logger": "sqlalchemy.engine.Engine", "module": "base", "function": "_execute_context", "line": 1846, "message": "select current_schema()", "environment": "development", "service": "fastapi-backend"}
{"timestamp": "2026-01-23T17:01:16.652174+00:00", "level": "INFO", "logger": "sqlalchemy.engine.Engine", "module": "base", "function": "_execute_context", "line": 1846, "message": "[raw sql] ()", "environment": "development", "service": "fastapi-backend"}
{"timestamp": "2026-01-23T17:01:16.658876+00:00", "level": "INFO", "logger": "sqlalchemy.engine.Engine", "module": "base", "function": "_execute_context", "line": 1846, "message": "show standard_conforming_strings", "environment": "development", "service": "fastapi-backend"}
{"timestamp": "2026-01-23T17:01:16.659191+00:00", "level": "INFO", "logger": "sqlalchemy.engine.Engine", "module": "base", "function": "_execute_context", "line": 1846, "message": "[raw sql] ()", "environment": "development", "service": "fastapi-backend"}
{"timestamp": "2026-01-23T17:01:16.664446+00:00", "level": "INFO", "logger": "sqlalchemy.engine.Engine", "module": "base", "function": "_connection_begin_impl", "line": 2710, "message": "BEGIN (implicit)", "environment": "development", "service": "fastapi-backend"}
{"timestamp": "2026-01-23T17:01:16.664740+00:00", "level": "INFO", "logger": "sqlalchemy.engine.Engine", "module": "base", "function": "_execute_context", "line": 1846, "message": "SELECT version()", "environment": "development", "service": "fastapi-backend"}
{"timestamp": "2026-01-23T17:01:16.664991+00:00", "level": "INFO", "logger": "sqlalchemy.engine.Engine", "module": "base", "function": "_execute_context", "line": 1846, "message": "[generated in 0.00062s] ()", "environment": "development", "service": "fastapi-backend"}
{"timestamp": "2026-01-23T17:01:16.909674+00:00", "level": "INFO", "logger": "sqlalchemy.engine.Engine", "module": "base", "function": "_execute_context", "line": 1846, "message": "SELECT current_database()", "environment": "development", "service": "fastapi-backend"}
{"timestamp": "2026-01-23T17:01:16.910041+00:00", "level": "INFO", "logger": "sqlalchemy.engine.Engine", "module": "base", "function": "_execute_context", "line": 1846, "message": "[generated in 0.00048s] ()", "environment": "development", "service": "fastapi-backend"}
{"timestamp": "2026-01-23T17:01:16.956774+00:00", "level": "INFO", "logger": "sqlalchemy.engine.Engine", "module": "base", "function": "_connection_rollback_impl", "line": 2713, "message": "ROLLBACK", "environment": "development", "service": "fastapi-backend"}
{"timestamp": "2026-01-23T17:01:18.421229+00:00", "level": "\u001b[32mINFO\u001b[0m", "logger": "uvicorn.error", "module": "on", "function": "startup", "line": 62, "message": "Application startup complete.", "environment": "development", "service": "fastapi-backend"}
{"timestamp": "2026-01-23T17:02:37.574476+00:00", "level": "\u001b[32mINFO\u001b[0m", "logger": "uvicorn.error", "module": "server", "function": "shutdown", "line": 264, "message": "Shutting down", "environment": "development", "service": "fastapi-backend"}
{"timestamp": "2026-01-23T17:02:37.681869+00:00", "level": "\u001b[32mINFO\u001b[0m", "logger": "uvicorn.error", "module": "on", "function": "shutdown", "line": 67, "message": "Waiting for application shutdown.", "environment": "development", "service": "fastapi-backend"}
{"timestamp": "2026-01-23T17:02:38.789254+00:00", "level": "\u001b[32mINFO\u001b[0m", "logger": "uvicorn.error", "module": "on", "function": "shutdown", "line": 76, "message": "Application shutdown complete.", "environment": "development", "service": "fastapi-backend"}
{"timestamp": "2026-01-23T17:02:38.789987+00:00", "level": "\u001b[32mINFO\u001b[0m", "logger": "uvicorn.error", "module": "server", "function": "_serve", "line": 94, "message": "Finished server process [18332]", "environment": "development", "service": "fastapi-backend"}
{"timestamp": "2026-01-23T17:02:43.951632+00:00", "level": "\u001b[32mINFO\u001b[0m", "logger": "nix.logging", "module": "logging", "function": "setup_logging", "line": 345, "message": "Logging configured for development environment", "environment": "development", "service": "fastapi-backend"}
{"timestamp": "2026-01-23T17:02:43.958710+00:00", "level": "\u001b[32mINFO\u001b[0m", "logger": "nix.logging", "module": "logging", "function": "setup_logging", "line": 345, "message": "Logging configured for development environment", "environment": "development", "service": "fastapi-backend"}
{"timestamp": "2026-01-23T17:02:45.985952+00:00", "level": "\u001b[32mINFO\u001b[0m", "logger": "uvicorn.error", "module": "server", "function": "_serve", "line": 84, "message": "Started server process [19812]", "environment": "development", "service": "fastapi-backend"}
{"timestamp": "2026-01-23T17:02:45.986980+00:00", "level": "\u001b[32mINFO\u001b[0m", "logger": "uvicorn.error", "module": "on", "function": "startup", "line": 48, "message": "Waiting for application startup.", "environment": "development", "service": "fastapi-backend"}
{"timestamp": "2026-01-23T17:02:45.988749+00:00", "level": "\u001b[32mINFO\u001b[0m", "logger": "uvicorn.error", "module": "on", "function": "startup", "line": 62, "message": "Application startup complete.", "environment": "development", "service": "fastapi-backend"}
{"timestamp": "2026-01-23T17:03:35.797710+00:00", "level": "\u001b[32mINFO\u001b[0m", "logger": "uvicorn.error", "module": "server", "function": "shutdown", "line": 264, "message": "Shutting down", "environment": "development", "service": "fastapi-backend"}
{"timestamp": "2026-01-23T17:03:35.904436+00:00", "level": "\u001b[32mINFO\u001b[0m", "logger": "uvicorn.error", "module": "on", "function": "shutdown", "line": 67, "message": "Waiting for application shutdown.", "environment": "development", "service": "fastapi-backend"}
{"timestamp": "2026-01-23T17:03:35.912879+00:00", "level": "\u001b[32mINFO\u001b[0m", "logger": "uvicorn.error", "module": "on", "function": "shutdown", "line": 76, "message": "Application shutdown complete.", "environment": "development", "service": "fastapi-backend"}
{"timestamp": "2026-01-23T17:03:35.914471+00:00", "level": "\u001b[32mINFO\u001b[0m", "logger": "uvicorn.error", "module": "server", "function": "_serve", "line": 94, "message": "Finished server process [19812]", "environment": "development", "service": "fastapi-backend"}
{"timestamp": "2026-01-23T17:03:51.911759+00:00", "level": "\u001b[32mINFO\u001b[0m", "logger": "nix.logging", "module": "logging", "function": "setup_logging", "line": 345, "message": "Logging configured for development environment", "environment": "development", "service": "fastapi-backend"}
{"timestamp": "2026-01-23T17:03:51.917056+00:00", "level": "\u001b[32mINFO\u001b[0m", "logger": "nix.logging", "module": "logging", "function": "setup_logging", "line": 345, "message": "Logging configured for development environment", "environment": "development", "service": "fastapi-backend"}
{"timestamp": "2026-01-23T17:03:53.679876+00:00", "level": "\u001b[32mINFO\u001b[0m", "logger": "uvicorn.error", "module": "server", "function": "_serve", "line": 84, "message": "Started server process [6216]", "environment": "development", "service": "fastapi-backend"}
{"timestamp": "2026-01-23T17:03:53.680422+00:00", "level": "\u001b[32mINFO\u001b[0m", "logger": "uvicorn.error", "module": "on", "function": "startup", "line": 48, "message": "Waiting for application startup.", "environment": "development", "service": "fastapi-backend"}
{"timestamp": "2026-01-23T17:03:53.681305+00:00", "level": "\u001b[32mINFO\u001b[0m", "logger": "uvicorn.error", "module": "on", "function": "startup", "line": 62, "message": "Application startup complete.", "environment": "development", "service": "fastapi-backend"}
{"timestamp": "2026-01-23T17:05:35.918211+00:00", "level": "\u001b[32mINFO\u001b[0m", "logger": "uvicorn.error", "module": "server", "function": "shutdown", "line": 264, "message": "Shutting down", "environment": "development", "service": "fastapi-backend"}
{"timestamp": "2026-01-23T17:05:36.026692+00:00", "level": "\u001b[32mINFO\u001b[0m", "logger": "uvicorn.error", "module": "on", "function": "shutdown", "line": 67, "message": "Waiting for application shutdown.", "environment": "development", "service": "fastapi-backend"}
{"timestamp": "2026-01-23T17:05:36.028105+00:00", "level": "\u001b[32mINFO\u001b[0m", "logger": "uvicorn.error", "module": "on", "function": "shutdown", "line": 76, "message": "Application shutdown complete.", "environment": "development", "service": "fastapi-backend"}
{"timestamp": "2026-01-23T17:05:36.029850+00:00", "level": "\u001b[32mINFO\u001b[0m", "logger": "uvicorn.error", "module": "server", "function": "_serve", "line": 94, "message": "Finished server process [6216]", "environment": "development", "service": "fastapi-backend"}
{"timestamp": "2026-01-23T17:05:39.797083+00:00", "level": "\u001b[32mINFO\u001b[0m", "logger": "nix.logging", "module": "logging", "function": "setup_logging", "line": 345, "message": "Logging configured for development environment", "environment": "development", "service": "fastapi-backend"}
{"timestamp": "2026-01-23T17:05:39.803321+00:00", "level": "\u001b[32mINFO\u001b[0m", "logger": "nix.logging", "module": "logging", "function": "setup_logging", "line": 345, "message": "Logging configured for development environment", "environment": "development", "service": "fastapi-backend"}
{"timestamp": "2026-01-23T17:05:41.754915+00:00", "level": "\u001b[32mINFO\u001b[0m", "logger": "uvicorn.error", "module": "server", "function": "_serve", "line": 84, "message": "Started server process [9508]", "environment": "development", "service": "fastapi-backend"}
{"timestamp": "2026-01-23T17:05:41.757403+00:00", "level": "\u001b[32mINFO\u001b[0m", "logger": "uvicorn.error", "module": "on", "function": "startup", "line": 48, "message": "Waiting for application startup.", "environment": "development", "service": "fastapi-backend"}
{"timestamp": "2026-01-23T17:05:41.759508+00:00", "level": "\u001b[32mINFO\u001b[0m", "logger": "uvicorn.error", "module": "on", "function": "startup", "line": 62, "message": "Application startup complete.", "environment": "development", "service": "fastapi-backend"}
{"timestamp": "2026-01-23T17:06:33.368666+00:00", "level": "\u001b[32mINFO\u001b[0m", "logger": "uvicorn.error", "module": "server", "function": "shutdown", "line": 264, "message": "Shutting down", "environment": "development", "service": "fastapi-backend"}
{"timestamp": "2026-01-23T17:06:33.476604+00:00", "level": "\u001b[32mINFO\u001b[0m", "logger": "uvicorn.error", "module": "on", "function": "shutdown", "line": 67, "message": "Waiting for application shutdown.", "environment": "development", "service": "fastapi-backend"}
{"timestamp": "2026-01-23T17:06:33.481621+00:00", "level": "\u001b[32mINFO\u001b[0m", "logger": "uvicorn.error", "module": "on", "function": "shutdown", "line": 76, "message": "Application shutdown complete.", "environment": "development", "service": "fastapi-backend"}
{"timestamp": "2026-01-23T17:06:33.482376+00:00", "level": "\u001b[32mINFO\u001b[0m", "logger": "uvicorn.error", "module": "server", "function": "_serve", "line": 94, "message": "Finished server process [9508]", "environment": "development", "service": "fastapi-backend"}
{"timestamp": "2026-01-23T17:06:36.465027+00:00", "level": "\u001b[32mINFO\u001b[0m", "logger": "nix.logging", "module": "logging", "function": "setup_logging", "line": 345, "message": "Logging configured for development environment", "environment": "development", "service": "fastapi-backend"}
{"timestamp": "2026-01-23T17:06:36.471079+00:00", "level": "\u001b[32mINFO\u001b[0m", "logger": "nix.logging", "module": "logging", "function": "setup_logging", "line": 345, "message": "Logging configured for development environment", "environment": "development", "service": "fastapi-backend"}
{"timestamp": "2026-01-23T17:06:39.595999+00:00", "level": "\u001b[32mINFO\u001b[0m", "logger": "uvicorn.error", "module": "server", "function": "_serve", "line": 84, "message": "Started server process [11684]", "environment": "development", "service": "fastapi-backend"}
{"timestamp": "2026-01-23T17:06:39.597861+00:00", "level": "\u001b[32mINFO\u001b[0m", "logger": "uvicorn.error", "module": "on", "function": "startup", "line": 48, "message": "Waiting for application startup.", "environment": "development", "service": "fastapi-backend"}
{"timestamp": "2026-01-23T17:06:39.618872+00:00", "level": "\u001b[32mINFO\u001b[0m", "logger": "uvicorn.error", "module": "on", "function": "startup", "line": 62, "message": "Application startup complete.", "environment": "development", "service": "fastapi-backend"}
{"timestamp": "2026-01-23T17:07:10.705540+00:00", "level": "\u001b[32mINFO\u001b[0m", "logger": "uvicorn.error", "module": "server", "function": "shutdown", "line": 264, "message": "Shutting down", "environment": "development", "service": "fastapi-backend"}
{"timestamp": "2026-01-23T17:07:10.811328+00:00", "level": "\u001b[32mINFO\u001b[0m", "logger": "uvicorn.error", "module": "on", "function": "shutdown", "line": 67, "message": "Waiting for application shutdown.", "environment": "development", "service": "fastapi-backend"}
{"timestamp": "2026-01-23T17:07:10.816500+00:00", "level": "\u001b[32mINFO\u001b[0m", "logger": "uvicorn.error", "module": "on", "function": "shutdown", "line": 76, "message": "Application shutdown complete.", "environment": "development", "service": "fastapi-backend"}
{"timestamp": "2026-01-23T17:07:10.817226+00:00", "level": "\u001b[32mINFO\u001b[0m", "logger": "uvicorn.error", "module": "server", "function": "_serve", "line": 94, "message": "Finished server process [11684]", "environment": "development", "service": "fastapi-backend"}
{"timestamp": "2026-01-23T17:07:14.734802+00:00", "level": "\u001b[32mINFO\u001b[0m", "logger": "nix.logging", "module": "logging", "function": "setup_logging", "line": 345, "message": "Logging configured for development environment", "environment": "development", "service": "fastapi-backend"}
{"timestamp": "2026-01-23T17:07:14.740653+00:00", "level": "\u001b[32mINFO\u001b[0m", "logger": "nix.logging", "module": "logging", "function": "setup_logging", "line": 345, "message": "Logging configured for development environment", "environment": "development", "service": "fastapi-backend"}
{"timestamp": "2026-01-23T17:07:16.946937+00:00", "level": "\u001b[32mINFO\u001b[0m", "logger": "uvicorn.error", "module": "server", "function": "_serve", "line": 84, "message": "Started server process [3760]", "environment": "development", "service": "fastapi-backend"}
{"timestamp": "2026-01-23T17:07:16.948463+00:00", "level": "\u001b[32mINFO\u001b[0m", "logger": "uvicorn.error", "module": "on", "function": "startup", "line": 48, "message": "Waiting for application startup.", "environment": "development", "service": "fastapi-backend"}
{"timestamp": "2026-01-23T17:07:16.950947+00:00", "level": "\u001b[32mINFO\u001b[0m", "logger": "uvicorn.error", "module": "on", "function": "startup", "line": 62, "message": "Application startup complete.", "environment": "development", "service": "fastapi-backend"}
{"timestamp": "2026-01-23T17:07:30.982857+00:00", "level": "\u001b[32mINFO\u001b[0m", "logger": "uvicorn.error", "module": "server", "function": "shutdown", "line": 264, "message": "Shutting down", "environment": "development", "service": "fastapi-backend"}
{"timestamp": "2026-01-23T17:07:31.090222+00:00", "level": "\u001b[32mINFO\u001b[0m", "logger": "uvicorn.error", "module": "on", "function": "shutdown", "line": 67, "message": "Waiting for application shutdown.", "environment": "development", "service": "fastapi-backend"}
{"timestamp": "2026-01-23T17:07:31.100912+00:00", "level": "\u001b[32mINFO\u001b[0m", "logger": "uvicorn.error", "module": "on", "function": "shutdown", "line": 76, "message": "Application shutdown complete.", "environment": "development", "service": "fastapi-backend"}
{"timestamp": "2026-01-23T17:07:31.103135+00:00", "level": "\u001b[32mINFO\u001b[0m", "logger": "uvicorn.error", "module": "server", "function": "_serve", "line": 94, "message": "Finished server process [3760]", "environment": "development", "service": "fastapi-backend"}
{"timestamp": "2026-01-23T17:07:35.476629+00:00", "level": "\u001b[32mINFO\u001b[0m", "logger": "nix.logging", "module": "logging", "function": "setup_logging", "line": 345, "message": "Logging configured for development environment", "environment": "development", "service": "fastapi-backend"}
{"timestamp": "2026-01-23T17:07:35.490154+00:00", "level": "\u001b[32mINFO\u001b[0m", "logger": "nix.logging", "module": "logging", "function": "setup_logging", "line": 345, "message": "Logging configured for development environment", "environment": "development", "service": "fastapi-backend"}
{"timestamp": "2026-01-23T17:07:38.053465+00:00", "level": "\u001b[32mINFO\u001b[0m", "logger": "uvicorn.error", "module": "server", "function": "_serve", "line": 84, "message": "Started server process [12832]", "environment": "development", "service": "fastapi-backend"}
{"timestamp": "2026-01-23T17:07:38.054234+00:00", "level": "\u001b[32mINFO\u001b[0m", "logger": "uvicorn.error", "module": "on", "function": "startup", "line": 48, "message": "Waiting for application startup.", "environment": "development", "service": "fastapi-backend"}
{"timestamp": "2026-01-23T17:07:38.055350+00:00", "level": "\u001b[32mINFO\u001b[0m", "logger": "uvicorn.error", "module": "on", "function": "startup", "line": 62, "message": "Application startup complete.", "environment": "development", "service": "fastapi-backend"}
{"timestamp": "2026-01-23T17:10:21.477349+00:00", "level": "\u001b[32mINFO\u001b[0m", "logger": "uvicorn.error", "module": "server", "function": "shutdown", "line": 264, "message": "Shutting down", "environment": "development", "service": "fastapi-backend"}
{"timestamp": "2026-01-23T17:10:21.585272+00:00", "level": "\u001b[32mINFO\u001b[0m", "logger": "uvicorn.error", "module": "on", "function": "shutdown", "line": 67, "message": "Waiting for application shutdown.", "environment": "development", "service": "fastapi-backend"}
{"timestamp": "2026-01-23T17:10:21.587695+00:00", "level": "\u001b[32mINFO\u001b[0m", "logger": "uvicorn.error", "module": "on", "function": "shutdown", "line": 76, "message": "Application shutdown complete.", "environment": "development", "service": "fastapi-backend"}
{"timestamp": "2026-01-23T17:10:21.589426+00:00", "level": "\u001b[32mINFO\u001b[0m", "logger": "uvicorn.error", "module": "server", "function": "_serve", "line": 94, "message": "Finished server process [12832]", "environment": "development", "service": "fastapi-backend"}
{"timestamp": "2026-01-30T17:33:45.283225+00:00", "level": "\u001b[32mINFO\u001b[0m", "logger": "nix.logging", "module": "logging", "function": "setup_logging", "line": 345, "message": "Logging configured for development environment", "environment": "development", "service": "fastapi-backend"}
{"timestamp": "2026-01-30T17:33:45.297973+00:00", "level": "\u001b[32mINFO\u001b[0m", "logger": "nix.logging", "module": "logging", "function": "setup_logging", "line": 345, "message": "Logging configured for development environment", "environment": "development", "service": "fastapi-backend"}
{"timestamp": "2026-01-30T17:33:45.299428+00:00", "level": "\u001b[32mINFO\u001b[0m", "logger": "app", "module": "test_db", "function": "<module>", "line": 10, "message": "Test info message", "environment": "development", "service": "fastapi-backend"}
{"timestamp": "2026-01-30T17:33:45.301473+00:00", "level": "\u001b[31mERROR\u001b[0m", "logger": "app", "module": "test_db", "function": "<module>", "line": 12, "message": "Test error message", "environment": "development", "service": "fastapi-backend"}
{"timestamp": "2026-01-30T17:33:45.303191+00:00", "level": "\u001b[32mINFO\u001b[0m", "logger": "app", "module": "test_db", "function": "<module>", "line": 15, "message": "{\"event\": \"user_login\", \"user_id\": \"123\", \"ip\": \"192.168.1.1\"}", "environment": "development", "service": "fastapi-backend", "data": {"event": "user_login", "user_id": "123", "ip": "192.168.1.1"}}
